  beginFrame.cpp
  DoExtraBonesProcessing.cpp
  drawModel.cpp
  fireEvent.cpp
  ListLeaves.cpp
  menuRelated.cpp
  onFrameStage.cpp
  onMove.cpp
  onPaint.cpp
  onResize.cpp
  overrideView.cpp
  sceneEnd.cpp
  main.cpp
  hookManager.cpp
  interfaceManager.cpp
  Aimbot.cpp
  Resolver.cpp
  Autowall.cpp
  LagCompensation.cpp
  Anti-aim.cpp
  Fakelag.cpp
  bullet_impact.cpp
  item_purchase.cpp
  player_death.cpp
  player_hurt.cpp
  round_start.cpp
  weapon_fire.cpp
  featureManager.cpp
  Animations.cpp
  Dormancy.cpp
  enginePrediction.cpp
  grenadePrediction.cpp
  Misc.cpp
  testFeature.cpp
  Visuals.cpp
  config.cpp
  button.cpp
  checkbox.cpp
  colorpicker.cpp
  combo.cpp
  group.cpp
  hotkey.cpp
  multicombo.cpp
  slider.cpp
  tab.cpp
  setup.cpp
  menu.cpp
  sprite.cpp
  baseEntity.cpp
  checksum_md5.cpp
  color.cpp
  Convar.cpp
  CUtlBuffer.cpp
  CUtlString.cpp
  characterset.cpp
  lodepng.cpp
  niggershit.cpp
  includes.cpp
  input.cpp
  interfaceUtilities.cpp
  math.cpp
  memory.cpp
  netvarManager.cpp
  render.cpp
  utilities.cpp
  vftHook.cpp
  csgo-internal.vcxproj -> C:\Users\luang\OneDrive\Documentos\GitHub\EXPOSUREV2\Debug\Pener SDK.dll
